<?xml version="1.0" encoding="UTF-8"?>
<coverage generated="1584578830872" clover="3.2.0">
  <project timestamp="1584578830872" name="All files">
    <metrics statements="9" coveredstatements="6" conditionals="0" coveredconditionals="0" methods="6" coveredmethods="4" elements="15" coveredelements="10" complexity="0" loc="9" ncloc="9" packages="1" files="1" classes="1"/>
    <file name="App.jsx" path="/Users/ohjeezz/Documents/Hack Reactor/sidebar-components-services/client/src/App.jsx">
      <metrics statements="9" coveredstatements="6" conditionals="0" coveredconditionals="0" methods="6" coveredmethods="4"/>
      <line num="6" count="2" type="stmt"/>
      <line num="7" count="2" type="stmt"/>
      <line num="15" count="2" type="stmt"/>
      <line num="20" count="2" type="stmt"/>
      <line num="22" count="0" type="stmt"/>
      <line num="23" count="0" type="stmt"/>
      <line num="32" count="0" type="stmt"/>
      <line num="37" count="3" type="stmt"/>
      <line num="41" count="3" type="stmt"/>
    </file>
  </project>
</coverage>
