{"/Users/ohjeezz/Documents/Hack Reactor/sidebar-components-services/client/src/App.jsx": {"path":"/Users/ohjeezz/Documents/Hack Reactor/sidebar-components-services/client/src/App.jsx","statementMap":{"0":{"start":{"line":7,"column":8},"end":{"line":7,"column":21}},"1":{"start":{"line":8,"column":8},"end":{"line":14,"column":10}},"2":{"start":{"line":16,"column":8},"end":{"line":16,"column":55}},"3":{"start":{"line":21,"column":8},"end":{"line":34,"column":14}},"4":{"start":{"line":23,"column":16},"end":{"line":23,"column":99}},"5":{"start":{"line":24,"column":16},"end":{"line":30,"column":18}},"6":{"start":{"line":33,"column":16},"end":{"line":33,"column":73}},"7":{"start":{"line":38,"column":8},"end":{"line":38,"column":27}},"8":{"start":{"line":42,"column":8},"end":{"line":47,"column":5}}},"fnMap":{"0":{"name":"(anonymous_0)","decl":{"start":{"line":6,"column":4},"end":{"line":6,"column":5}},"loc":{"start":{"line":6,"column":23},"end":{"line":17,"column":5}},"line":6},"1":{"name":"(anonymous_1)","decl":{"start":{"line":20,"column":4},"end":{"line":20,"column":5}},"loc":{"start":{"line":20,"column":18},"end":{"line":35,"column":5}},"line":20},"2":{"name":"(anonymous_2)","decl":{"start":{"line":22,"column":18},"end":{"line":22,"column":19}},"loc":{"start":{"line":22,"column":25},"end":{"line":31,"column":13}},"line":22},"3":{"name":"(anonymous_3)","decl":{"start":{"line":32,"column":19},"end":{"line":32,"column":20}},"loc":{"start":{"line":32,"column":28},"end":{"line":34,"column":13}},"line":32},"4":{"name":"(anonymous_4)","decl":{"start":{"line":37,"column":4},"end":{"line":37,"column":5}},"loc":{"start":{"line":37,"column":24},"end":{"line":39,"column":5}},"line":37},"5":{"name":"(anonymous_5)","decl":{"start":{"line":41,"column":4},"end":{"line":41,"column":5}},"loc":{"start":{"line":41,"column":13},"end":{"line":47,"column":6}},"line":41}},"branchMap":{},"s":{"0":3,"1":3,"2":3,"3":3,"4":0,"5":0,"6":0,"7":4,"8":4},"f":{"0":3,"1":3,"2":0,"3":0,"4":4,"5":4},"b":{},"_coverageSchema":"1a1c01bbd47fc00a2c39e90264f33305004495a9","hash":"45fbb2e8eaa9980620325521eb66fb48639320e0"}
,"/Users/ohjeezz/Documents/Hack Reactor/sidebar-components-services/client/src/RelatedSong.jsx": {"path":"/Users/ohjeezz/Documents/Hack Reactor/sidebar-components-services/client/src/RelatedSong.jsx","statementMap":{"0":{"start":{"line":5,"column":8},"end":{"line":5,"column":20}},"1":{"start":{"line":9,"column":8},"end":{"line":19,"column":9}}},"fnMap":{"0":{"name":"(anonymous_0)","decl":{"start":{"line":4,"column":4},"end":{"line":4,"column":5}},"loc":{"start":{"line":4,"column":23},"end":{"line":6,"column":5}},"line":4},"1":{"name":"(anonymous_1)","decl":{"start":{"line":8,"column":4},"end":{"line":8,"column":5}},"loc":{"start":{"line":8,"column":13},"end":{"line":20,"column":5}},"line":8}},"branchMap":{},"s":{"0":1,"1":1},"f":{"0":1,"1":1},"b":{},"_coverageSchema":"1a1c01bbd47fc00a2c39e90264f33305004495a9","hash":"5bf8c4dd6fac555a4518838bd468cff747cd1fd7"}
,"/Users/ohjeezz/Documents/Hack Reactor/sidebar-components-services/client/src/RelatedSongsList.jsx": {"path":"/Users/ohjeezz/Documents/Hack Reactor/sidebar-components-services/client/src/RelatedSongsList.jsx","statementMap":{"0":{"start":{"line":5,"column":4},"end":{"line":10,"column":5}},"1":{"start":{"line":8,"column":16},"end":{"line":8,"column":58}}},"fnMap":{"0":{"name":"RelatedSongsList","decl":{"start":{"line":4,"column":9},"end":{"line":4,"column":25}},"loc":{"start":{"line":4,"column":34},"end":{"line":11,"column":1}},"line":4},"1":{"name":"(anonymous_1)","decl":{"start":{"line":7,"column":37},"end":{"line":7,"column":38}},"loc":{"start":{"line":8,"column":16},"end":{"line":8,"column":58}},"line":8}},"branchMap":{},"s":{"0":1,"1":0},"f":{"0":1,"1":0},"b":{},"_coverageSchema":"1a1c01bbd47fc00a2c39e90264f33305004495a9","hash":"feac5701906f414fe3b5775583e622d178946e61"}
}
