TN:
SF:client/src/App.jsx
FN:6,(anonymous_0)
FN:20,(anonymous_1)
FN:22,(anonymous_2)
FN:32,(anonymous_3)
FN:37,(anonymous_4)
FN:41,(anonymous_5)
FNF:6
FNH:4
FNDA:2,(anonymous_0)
FNDA:2,(anonymous_1)
FNDA:0,(anonymous_2)
FNDA:0,(anonymous_3)
FNDA:3,(anonymous_4)
FNDA:3,(anonymous_5)
DA:7,2
DA:8,2
DA:16,2
DA:21,2
DA:23,0
DA:24,0
DA:33,0
DA:38,3
DA:42,3
LF:9
LH:6
BRF:0
BRH:0
end_of_record
TN:
SF:client/src/RelatedSong.jsx
FN:4,(anonymous_0)
FN:8,(anonymous_1)
FNF:2
FNH:0
FNDA:0,(anonymous_0)
FNDA:0,(anonymous_1)
DA:5,0
DA:9,0
LF:2
LH:0
BRF:0
BRH:0
end_of_record
TN:
SF:client/src/RelatedSongsList.jsx
FN:4,RelatedSongsList
FN:7,(anonymous_1)
FNF:2
FNH:0
FNDA:0,RelatedSongsList
FNDA:0,(anonymous_1)
DA:5,0
DA:8,0
LF:2
LH:0
BRF:0
BRH:0
end_of_record
